Argentina  
Chile  
Argentina  
Chile  
Argentina  
Portugal  
Chile  
Argentina  
Portugal  
Espanha  
O número de elementos são 4
<models.Node.Node object at 0x00000206ECE562F0>
Chile  
Argentina  
Portugal  
Espanha  
Franca  
<models.Node.Node object at 0x00000206ECE562F0>
Chile  
Argentina  
Portugal  
Italia  
Espanha  
Franca  
China  
Chile  
Argentina  
Portugal  
Italia  
Espanha  
Franca  
China  
Japao  
Chile  
Argentina  
Portugal  
Italia  
Espanha  
Franca  
China  
Japao  
Angola  
Chile  
Argentina  
Portugal  
Italia  
Espanha  
Franca  
O número de elementos são 9
Item found
Item found
O país Portugal encontra-se na lista.
item bot found
O país Alemanha não se encontra na lista.
O país <models.Node.Node object at 0x00000206ECE55CC0> foi eliminado da lista
O número de elementos são 8
O país Franca foi eliminado da lista
O número de elementos são 7
item bot found
O país Chile não se encontra na lista.
O número de elementos são 6
